# JRE version: Java(TM) SE Runtime Environment (7.0_79-b15) (build 1.7.0_79-b15)
# Java VM: Java HotSpot(TM) 64-Bit Server VM (24.79-b02 mixed mode windows-amd64 compressed oops)
Heap
 PSYoungGen      total 52224K, used 17343K [0x00000007d5d00000, 0x00000007da580000, 0x0000000800000000)
  eden space 51712K, 33% used [0x00000007d5d00000,0x00000007d6dc7ed8,0x00000007d8f80000)
  from space 512K, 31% used [0x00000007d9100000,0x00000007d9128000,0x00000007d9180000)
  to   space 11264K, 0% used [0x00000007d9a80000,0x00000007d9a80000,0x00000007da580000)
 ParOldGen       total 86016K, used 12042K [0x0000000781800000, 0x0000000786c00000, 0x00000007d5d00000)
  object space 86016K, 14% used [0x0000000781800000,0x00000007823c2910,0x0000000786c00000)
 PSPermGen       total 21504K, used 8006K [0x000000077c600000, 0x000000077db00000, 0x0000000781800000)
  object space 21504K, 37% used [0x000000077c600000,0x000000077cdd1a50,0x000000077db00000)
GC Heap History (10 events):
Event: 44.206 GC heap before
{Heap before GC invocations=9 (full 0):
 PSYoungGen      total 69632K, used 59424K [0x00000007d5d00000, 0x00000007dae00000, 0x0000000800000000)
  eden space 59392K, 100% used [0x00000007d5d00000,0x00000007d9700000,0x00000007d9700000)
  from space 10240K, 0% used [0x00000007da400000,0x00000007da408000,0x00000007dae00000)
  to   space 11776K, 0% used [0x00000007d9700000,0x00000007d9700000,0x00000007da280000)
 ParOldGen       total 86016K, used 11994K [0x0000000781800000, 0x0000000786c00000, 0x00000007d5d00000)
  object space 86016K, 13% used [0x0000000781800000,0x00000007823b6910,0x0000000786c00000)
 PSPermGen       total 21504K, used 7656K [0x000000077c600000, 0x000000077db00000, 0x0000000781800000)
  object space 21504K, 35% used [0x000000077c600000,0x000000077cd7a0d0,0x000000077db00000)
Event: 44.207 GC heap after
Heap after GC invocations=9 (full 0):
 PSYoungGen      total 58368K, used 64K [0x00000007d5d00000, 0x00000007dac80000, 0x0000000800000000)
  eden space 57856K, 0% used [0x00000007d5d00000,0x00000007d5d00000,0x00000007d9580000)
  from space 512K, 12% used [0x00000007d9700000,0x00000007d9710000,0x00000007d9780000)
  to   space 11776K, 0% used [0x00000007da100000,0x00000007da100000,0x00000007dac80000)
 ParOldGen       total 86016K, used 12010K [0x0000000781800000, 0x0000000786c00000, 0x00000007d5d00000)
  object space 86016K, 13% used [0x0000000781800000,0x00000007823ba910,0x0000000786c00000)
 PSPermGen       total 21504K, used 7656K [0x000000077c600000, 0x000000077db00000, 0x0000000781800000)
  object space 21504K, 35% used [0x000000077c600000,0x000000077cd7a0d0,0x000000077db00000)
}
Event: 48.415 GC heap before
{Heap before GC invocations=10 (full 0):
 PSYoungGen      total 58368K, used 57920K [0x00000007d5d00000, 0x00000007dac80000, 0x0000000800000000)
  eden space 57856K, 100% used [0x00000007d5d00000,0x00000007d9580000,0x00000007d9580000)
  from space 512K, 12% used [0x00000007d9700000,0x00000007d9710000,0x00000007d9780000)
  to   space 11776K, 0% used [0x00000007da100000,0x00000007da100000,0x00000007dac80000)
 ParOldGen       total 86016K, used 12010K [0x0000000781800000, 0x0000000786c00000, 0x00000007d5d00000)
  object space 86016K, 13% used [0x0000000781800000,0x00000007823ba910,0x0000000786c00000)
 PSPermGen       total 21504K, used 7656K [0x000000077c600000, 0x000000077db00000, 0x0000000781800000)
  object space 21504K, 35% used [0x000000077c600000,0x000000077cd7a1a8,0x000000077db00000)
Event: 48.507 GC heap after
Heap after GC invocations=10 (full 0):
 PSYoungGen      total 66560K, used 32K [0x00000007d5d00000, 0x00000007dab00000, 0x0000000800000000)
  eden space 56320K, 0% used [0x00000007d5d00000,0x00000007d5d00000,0x00000007d9400000)
  from space 10240K, 0% used [0x00000007da100000,0x00000007da108000,0x00000007dab00000)
  to   space 11776K, 0% used [0x00000007d9400000,0x00000007d9400000,0x00000007d9f80000)
 ParOldGen       total 86016K, used 12018K [0x0000000781800000, 0x0000000786c00000, 0x00000007d5d00000)
  object space 86016K, 13% used [0x0000000781800000,0x00000007823bc910,0x0000000786c00000)
 PSPermGen       total 21504K, used 7656K [0x000000077c600000, 0x000000077db00000, 0x0000000781800000)
  object space 21504K, 35% used [0x000000077c600000,0x000000077cd7a1a8,0x000000077db00000)
}
Event: 52.735 GC heap before
{Heap before GC invocations=11 (full 0):
 PSYoungGen      total 66560K, used 56352K [0x00000007d5d00000, 0x00000007dab00000, 0x0000000800000000)
  eden space 56320K, 100% used [0x00000007d5d00000,0x00000007d9400000,0x00000007d9400000)
  from space 10240K, 0% used [0x00000007da100000,0x00000007da108000,0x00000007dab00000)
  to   space 11776K, 0% used [0x00000007d9400000,0x00000007d9400000,0x00000007d9f80000)
 ParOldGen       total 86016K, used 12018K [0x0000000781800000, 0x0000000786c00000, 0x00000007d5d00000)
  object space 86016K, 13% used [0x0000000781800000,0x00000007823bc910,0x0000000786c00000)
 PSPermGen       total 21504K, used 7656K [0x000000077c600000, 0x000000077db00000, 0x0000000781800000)
  object space 21504K, 35% used [0x000000077c600000,0x000000077cd7a1a8,0x000000077db00000)
Event: 52.737 GC heap after
Heap after GC invocations=11 (full 0):
 PSYoungGen      total 55296K, used 32K [0x00000007d5d00000, 0x00000007da980000, 0x0000000800000000)
  eden space 54784K, 0% used [0x00000007d5d00000,0x00000007d5d00000,0x00000007d9280000)
  from space 512K, 6% used [0x00000007d9400000,0x00000007d9408000,0x00000007d9480000)
  to   space 11776K, 0% used [0x00000007d9e00000,0x00000007d9e00000,0x00000007da980000)
 ParOldGen       total 86016K, used 12026K [0x0000000781800000, 0x0000000786c00000, 0x00000007d5d00000)
  object space 86016K, 13% used [0x0000000781800000,0x00000007823be910,0x0000000786c00000)
 PSPermGen       total 21504K, used 7656K [0x000000077c600000, 0x000000077db00000, 0x0000000781800000)
  object space 21504K, 35% used [0x000000077c600000,0x000000077cd7a1a8,0x000000077db00000)
}
Event: 56.898 GC heap before
{Heap before GC invocations=12 (full 0):
 PSYoungGen      total 55296K, used 54816K [0x00000007d5d00000, 0x00000007da980000, 0x0000000800000000)
  eden space 54784K, 100% used [0x00000007d5d00000,0x00000007d9280000,0x00000007d9280000)
  from space 512K, 6% used [0x00000007d9400000,0x00000007d9408000,0x00000007d9480000)
  to   space 11776K, 0% used [0x00000007d9e00000,0x00000007d9e00000,0x00000007da980000)
 ParOldGen       total 86016K, used 12026K [0x0000000781800000, 0x0000000786c00000, 0x00000007d5d00000)
  object space 86016K, 13% used [0x0000000781800000,0x00000007823be910,0x0000000786c00000)
 PSPermGen       total 21504K, used 7656K [0x000000077c600000, 0x000000077db00000, 0x0000000781800000)
  object space 21504K, 35% used [0x000000077c600000,0x000000077cd7a1a8,0x000000077db00000)
Event: 56.899 GC heap after
Heap after GC invocations=12 (full 0):
 PSYoungGen      total 63488K, used 64K [0x00000007d5d00000, 0x00000007da800000, 0x0000000800000000)
  eden space 53248K, 0% used [0x00000007d5d00000,0x00000007d5d00000,0x00000007d9100000)
  from space 10240K, 0% used [0x00000007d9e00000,0x00000007d9e10000,0x00000007da800000)
  to   space 11776K, 0% used [0x00000007d9100000,0x00000007d9100000,0x00000007d9c80000)
 ParOldGen       total 86016K, used 12034K [0x0000000781800000, 0x0000000786c00000, 0x00000007d5d00000)
  object space 86016K, 13% used [0x0000000781800000,0x00000007823c0910,0x0000000786c00000)
 PSPermGen       total 21504K, used 7656K [0x000000077c600000, 0x000000077db00000, 0x0000000781800000)
  object space 21504K, 35% used [0x000000077c600000,0x000000077cd7a1a8,0x000000077db00000)
}
Event: 61.059 GC heap before
{Heap before GC invocations=13 (full 0):
 PSYoungGen      total 63488K, used 53312K [0x00000007d5d00000, 0x00000007da800000, 0x0000000800000000)
  eden space 53248K, 100% used [0x00000007d5d00000,0x00000007d9100000,0x00000007d9100000)
  from space 10240K, 0% used [0x00000007d9e00000,0x00000007d9e10000,0x00000007da800000)
  to   space 11776K, 0% used [0x00000007d9100000,0x00000007d9100000,0x00000007d9c80000)
 ParOldGen       total 86016K, used 12034K [0x0000000781800000, 0x0000000786c00000, 0x00000007d5d00000)
  object space 86016K, 13% used [0x0000000781800000,0x00000007823c0910,0x0000000786c00000)
 PSPermGen       total 21504K, used 8000K [0x000000077c600000, 0x000000077db00000, 0x0000000781800000)
  object space 21504K, 37% used [0x000000077c600000,0x000000077cdd0358,0x000000077db00000)
Event: 61.075 GC heap after
Heap after GC invocations=13 (full 0):
 PSYoungGen      total 52224K, used 160K [0x00000007d5d00000, 0x00000007da580000, 0x0000000800000000)
  eden space 51712K, 0% used [0x00000007d5d00000,0x00000007d5d00000,0x00000007d8f80000)
  from space 512K, 31% used [0x00000007d9100000,0x00000007d9128000,0x00000007d9180000)
  to   space 11264K, 0% used [0x00000007d9a80000,0x00000007d9a80000,0x00000007da580000)
 ParOldGen       total 86016K, used 12042K [0x0000000781800000, 0x0000000786c00000, 0x00000007d5d00000)
  object space 86016K, 14% used [0x0000000781800000,0x00000007823c2910,0x0000000786c00000)
 PSPermGen       total 21504K, used 8000K [0x000000077c600000, 0x000000077db00000, 0x0000000781800000)
  object space 21504K, 37% used [0x000000077c600000,0x000000077cdd0358,0x000000077db00000)
}

