# JRE version: Java(TM) SE Runtime Environment (7.0_79-b15) (build 1.7.0_79-b15)
# Java VM: Java HotSpot(TM) 64-Bit Server VM (24.79-b02 mixed mode windows-amd64 compressed oops)
Heap
 PSYoungGen      total 456192K, used 230513K [0x00000007d5d00000, 0x00000007fef00000, 0x0000000800000000)
  eden space 235008K, 44% used [0x00000007d5d00000,0x00000007dc37c680,0x00000007e4280000)
  from space 221184K, 56% used [0x00000007e4280000,0x00000007ebd20000,0x00000007f1a80000)
  to   space 215552K, 0% used [0x00000007f1c80000,0x00000007f1c80000,0x00000007fef00000)
 ParOldGen       total 1381376K, used 1229602K [0x0000000781800000, 0x00000007d5d00000, 0x00000007d5d00000)
  object space 1381376K, 89% used [0x0000000781800000,0x00000007cc8c8830,0x00000007d5d00000)
 PSPermGen       total 21504K, used 8310K [0x000000077c600000, 0x000000077db00000, 0x0000000781800000)
  object space 21504K, 38% used [0x000000077c600000,0x000000077ce1d820,0x000000077db00000)
GC Heap History (10 events):
Event: 2267.056 GC heap before
{Heap before GC invocations=721 (full 10):
 PSYoungGen      total 460800K, used 230400K [0x00000007d5d00000, 0x0000000800000000, 0x0000000800000000)
  eden space 230400K, 100% used [0x00000007d5d00000,0x00000007e3e00000,0x00000007e3e00000)
  from space 230400K, 0% used [0x00000007f1f00000,0x00000007f1f00000,0x0000000800000000)
  to   space 230400K, 0% used [0x00000007e3e00000,0x00000007e3e00000,0x00000007f1f00000)
 ParOldGen       total 1381376K, used 1171922K [0x0000000781800000, 0x00000007d5d00000, 0x00000007d5d00000)
  object space 1381376K, 84% used [0x0000000781800000,0x00000007c9074800,0x00000007d5d00000)
 PSPermGen       total 21504K, used 8306K [0x000000077c600000, 0x000000077db00000, 0x0000000781800000)
  object space 21504K, 38% used [0x000000077c600000,0x000000077ce1c948,0x000000077db00000)
Event: 2267.407 GC heap after
Heap after GC invocations=721 (full 10):
 PSYoungGen      total 353280K, used 122496K [0x00000007d5d00000, 0x00000007ff700000, 0x0000000800000000)
  eden space 230400K, 0% used [0x00000007d5d00000,0x00000007d5d00000,0x00000007e3e00000)
  from space 122880K, 99% used [0x00000007e3e00000,0x00000007eb5a0000,0x00000007eb600000)
  to   space 225792K, 0% used [0x00000007f1a80000,0x00000007f1a80000,0x00000007ff700000)
 ParOldGen       total 1381376K, used 1171922K [0x0000000781800000, 0x00000007d5d00000, 0x00000007d5d00000)
  object space 1381376K, 84% used [0x0000000781800000,0x00000007c9074800,0x00000007d5d00000)
 PSPermGen       total 21504K, used 8306K [0x000000077c600000, 0x000000077db00000, 0x0000000781800000)
  object space 21504K, 38% used [0x000000077c600000,0x000000077ce1c948,0x000000077db00000)
}
Event: 2279.887 GC heap before
{Heap before GC invocations=722 (full 10):
 PSYoungGen      total 353280K, used 352896K [0x00000007d5d00000, 0x00000007ff700000, 0x0000000800000000)
  eden space 230400K, 100% used [0x00000007d5d00000,0x00000007e3e00000,0x00000007e3e00000)
  from space 122880K, 99% used [0x00000007e3e00000,0x00000007eb5a0000,0x00000007eb600000)
  to   space 225792K, 0% used [0x00000007f1a80000,0x00000007f1a80000,0x00000007ff700000)
 ParOldGen       total 1381376K, used 1171922K [0x0000000781800000, 0x00000007d5d00000, 0x00000007d5d00000)
  object space 1381376K, 84% used [0x0000000781800000,0x00000007c9074800,0x00000007d5d00000)
 PSPermGen       total 21504K, used 8306K [0x000000077c600000, 0x000000077db00000, 0x0000000781800000)
  object space 21504K, 38% used [0x000000077c600000,0x000000077ce1c9e8,0x000000077db00000)
Event: 2280.013 GC heap after
Heap after GC invocations=722 (full 10):
 PSYoungGen      total 456192K, used 140224K [0x00000007d5d00000, 0x00000007ff700000, 0x0000000800000000)
  eden space 230400K, 0% used [0x00000007d5d00000,0x00000007d5d00000,0x00000007e3e00000)
  from space 225792K, 62% used [0x00000007f1a80000,0x00000007fa370000,0x00000007ff700000)
  to   space 122880K, 0% used [0x00000007e3e00000,0x00000007e3e00000,0x00000007eb600000)
 ParOldGen       total 1381376K, used 1171922K [0x0000000781800000, 0x00000007d5d00000, 0x00000007d5d00000)
  object space 1381376K, 84% used [0x0000000781800000,0x00000007c9074800,0x00000007d5d00000)
 PSPermGen       total 21504K, used 8306K [0x000000077c600000, 0x000000077db00000, 0x0000000781800000)
  object space 21504K, 38% used [0x000000077c600000,0x000000077ce1c9e8,0x000000077db00000)
}
Event: 2292.509 GC heap before
{Heap before GC invocations=723 (full 10):
 PSYoungGen      total 456192K, used 370624K [0x00000007d5d00000, 0x00000007ff700000, 0x0000000800000000)
  eden space 230400K, 100% used [0x00000007d5d00000,0x00000007e3e00000,0x00000007e3e00000)
  from space 225792K, 62% used [0x00000007f1a80000,0x00000007fa370000,0x00000007ff700000)
  to   space 122880K, 0% used [0x00000007e3e00000,0x00000007e3e00000,0x00000007eb600000)
 ParOldGen       total 1381376K, used 1171922K [0x0000000781800000, 0x00000007d5d00000, 0x00000007d5d00000)
  object space 1381376K, 84% used [0x0000000781800000,0x00000007c9074800,0x00000007d5d00000)
 PSPermGen       total 21504K, used 8306K [0x000000077c600000, 0x000000077db00000, 0x0000000781800000)
  object space 21504K, 38% used [0x000000077c600000,0x000000077ce1c9e8,0x000000077db00000)
Event: 2292.642 GC heap after
Heap after GC invocations=723 (full 10):
 PSYoungGen      total 353280K, used 122880K [0x00000007d5d00000, 0x00000007ff700000, 0x0000000800000000)
  eden space 230400K, 0% used [0x00000007d5d00000,0x00000007d5d00000,0x00000007e3e00000)
  from space 122880K, 100% used [0x00000007e3e00000,0x00000007eb600000,0x00000007eb600000)
  to   space 225792K, 0% used [0x00000007f1a80000,0x00000007f1a80000,0x00000007ff700000)
 ParOldGen       total 1381376K, used 1204282K [0x0000000781800000, 0x00000007d5d00000, 0x00000007d5d00000)
  object space 1381376K, 87% used [0x0000000781800000,0x00000007cb00e800,0x00000007d5d00000)
 PSPermGen       total 21504K, used 8306K [0x000000077c600000, 0x000000077db00000, 0x0000000781800000)
  object space 21504K, 38% used [0x000000077c600000,0x000000077ce1c9e8,0x000000077db00000)
}
Event: 2304.992 GC heap before
{Heap before GC invocations=724 (full 10):
 PSYoungGen      total 353280K, used 353280K [0x00000007d5d00000, 0x00000007ff700000, 0x0000000800000000)
  eden space 230400K, 100% used [0x00000007d5d00000,0x00000007e3e00000,0x00000007e3e00000)
  from space 122880K, 100% used [0x00000007e3e00000,0x00000007eb600000,0x00000007eb600000)
  to   space 225792K, 0% used [0x00000007f1a80000,0x00000007f1a80000,0x00000007ff700000)
 ParOldGen       total 1381376K, used 1204282K [0x0000000781800000, 0x00000007d5d00000, 0x00000007d5d00000)
  object space 1381376K, 87% used [0x0000000781800000,0x00000007cb00e800,0x00000007d5d00000)
 PSPermGen       total 21504K, used 8306K [0x000000077c600000, 0x000000077db00000, 0x0000000781800000)
  object space 21504K, 38% used [0x000000077c600000,0x000000077ce1c9e8,0x000000077db00000)
Event: 2305.101 GC heap after
Heap after GC invocations=724 (full 10):
 PSYoungGen      total 459264K, used 113088K [0x00000007d5d00000, 0x00000007ff580000, 0x0000000800000000)
  eden space 235008K, 0% used [0x00000007d5d00000,0x00000007d5d00000,0x00000007e4280000)
  from space 224256K, 50% used [0x00000007f1a80000,0x00000007f88f0000,0x00000007ff580000)
  to   space 221184K, 0% used [0x00000007e4280000,0x00000007e4280000,0x00000007f1a80000)
 ParOldGen       total 1381376K, used 1229602K [0x0000000781800000, 0x00000007d5d00000, 0x00000007d5d00000)
  object space 1381376K, 89% used [0x0000000781800000,0x00000007cc8c8830,0x00000007d5d00000)
 PSPermGen       total 21504K, used 8306K [0x000000077c600000, 0x000000077db00000, 0x0000000781800000)
  object space 21504K, 38% used [0x000000077c600000,0x000000077ce1c9e8,0x000000077db00000)
}
Event: 2318.360 GC heap before
{Heap before GC invocations=725 (full 10):
 PSYoungGen      total 459264K, used 348096K [0x00000007d5d00000, 0x00000007ff580000, 0x0000000800000000)
  eden space 235008K, 100% used [0x00000007d5d00000,0x00000007e4280000,0x00000007e4280000)
  from space 224256K, 50% used [0x00000007f1a80000,0x00000007f88f0000,0x00000007ff580000)
  to   space 221184K, 0% used [0x00000007e4280000,0x00000007e4280000,0x00000007f1a80000)
 ParOldGen       total 1381376K, used 1229602K [0x0000000781800000, 0x00000007d5d00000, 0x00000007d5d00000)
  object space 1381376K, 89% used [0x0000000781800000,0x00000007cc8c8830,0x00000007d5d00000)
 PSPermGen       total 21504K, used 8306K [0x000000077c600000, 0x000000077db00000, 0x0000000781800000)
  object space 21504K, 38% used [0x000000077c600000,0x000000077ce1c9e8,0x000000077db00000)
Event: 2318.481 GC heap after
Heap after GC invocations=725 (full 10):
 PSYoungGen      total 456192K, used 125568K [0x00000007d5d00000, 0x00000007fef00000, 0x0000000800000000)
  eden space 235008K, 0% used [0x00000007d5d00000,0x00000007d5d00000,0x00000007e4280000)
  from space 221184K, 56% used [0x00000007e4280000,0x00000007ebd20000,0x00000007f1a80000)
  to   space 215552K, 0% used [0x00000007f1c80000,0x00000007f1c80000,0x00000007fef00000)
 ParOldGen       total 1381376K, used 1229602K [0x0000000781800000, 0x00000007d5d00000, 0x00000007d5d00000)
  object space 1381376K, 89% used [0x0000000781800000,0x00000007cc8c8830,0x00000007d5d00000)
 PSPermGen       total 21504K, used 8306K [0x000000077c600000, 0x000000077db00000, 0x0000000781800000)
  object space 21504K, 38% used [0x000000077c600000,0x000000077ce1c9e8,0x000000077db00000)
}

